<?xml version="1.0" encoding="UTF-8"?>
<!-- Generated by org.testng.reporters.JUnitXMLReporter -->
<testsuite hostname="Mario" ignored="0" name="Test" tests="2" failures="1" timestamp="03 Sep 2019 16:41:48 GMT" time="0.038" errors="0">
  <testcase name="@BeforeMethod setUp" time="0.006" classname="com.qa.hubspot.tests.LoginPageTest">
    <failure type="java.lang.ClassCastException" message="java.lang.ThreadLocal cannot be cast to org.openqa.selenium.WebDriver">
      <![CDATA[java.lang.ClassCastException: java.lang.ThreadLocal cannot be cast to org.openqa.selenium.WebDriver
at com.qa.hubspot.pages.BasePage.<init>(BasePage.java:18)
at com.qa.hubspot.tests.LoginPageTest.setUp(LoginPageTest.java:27)
... Removed 28 stack frames]]>
    </failure>
  </testcase> <!-- @BeforeMethod setUp -->
  <testcase name="b" time="0.0" classname="com.qa.hubspot.tests.LoginPageTest">
    <skipped/>
  </testcase> <!-- b -->
  <testcase name="b" time="0.028" classname="com.qa.hubspot.tests.LoginPageTest">
    <failure type="java.lang.NullPointerException">
      <![CDATA[java.lang.NullPointerException
at com.qa.hubspot.util.ExtentReport.onTestSkipped(ExtentReport.java:99)
... Removed 23 stack frames]]>
    </failure>
  </testcase> <!-- b -->
</testsuite> <!-- Test -->
